

--- [2025-12-29T21:28:56.580Z] Invite User Start ---
Inviter: 33bf92e1-2579-4dab-9deb-39a84d7d8a8a, Community: f3034056-a675-470e-9568-c1fc34f0a476
Membership Query Result: {
  "roles": {
    "name": "president"
  },
  "communities": null
}
Derived Community Data - Name: "su comunidad", Logo: "undefined"


--- [2025-12-29T21:34:17.247Z] Invite User Start ---
Inviter: 33bf92e1-2579-4dab-9deb-39a84d7d8a8a, Community: f3034056-a675-470e-9568-c1fc34f0a476
Membership Query Result: {
  "roles": {
    "name": "president"
  },
  "communities": null
}
Fallback: Fetching community f3034056-a675-470e-9568-c1fc34f0a476 directly...
Fallback Success: Residencial Terrazas
Derived Community Data - Name: "Residencial Terrazas", Logo: "https://bihdgdzuykhmoqudbpni.supabase.co/storage/v1/object/public/community-assets/f3034056-a675-470e-9568-c1fc34f0a476/logo_f3034056-a675-470e-9568-c1fc34f0a476_1766879109911.png"


--- [2025-12-29T21:37:10.392Z] Invite User Start ---
Inviter: 33bf92e1-2579-4dab-9deb-39a84d7d8a8a, Community: f3034056-a675-470e-9568-c1fc34f0a476
Membership Query Result: {
  "roles": {
    "name": "president"
  },
  "communities": null
}
Fallback: Fetching community f3034056-a675-470e-9568-c1fc34f0a476 directly...
Fallback Success: Residencial Terrazas
Derived Community Data - Name: "Residencial Terrazas", Logo: "https://bihdgdzuykhmoqudbpni.supabase.co/storage/v1/object/public/community-assets/f3034056-a675-470e-9568-c1fc34f0a476/logo_f3034056-a675-470e-9568-c1fc34f0a476_1766879109911.png"
